<?xml version="1.0" encoding="UTF-8"?>
<testng-results ignored="0" total="1" passed="1" failed="0" skipped="0">
  <reporter-output>
  </reporter-output>
  <suite started-at="2022-08-24T14:21:21 IST" name="Default suite" finished-at="2022-08-24T14:22:48 IST" duration-ms="87208">
    <groups>
    </groups>
    <test started-at="2022-08-24T14:21:21 IST" name="Default test" finished-at="2022-08-24T14:22:48 IST" duration-ms="87208">
      <class name="com.mystore.testcases.AccountCreationPageTest">
        <test-method is-config="true" signature="loadConfig()[pri:0, instance:com.mystore.testcases.AccountCreationPageTest@4b0d79fc]" started-at="2022-08-24T14:21:21 IST" name="loadConfig" finished-at="2022-08-24T14:21:21 IST" duration-ms="10" status="PASS">
          <reporter-output>
          </reporter-output>
        </test-method> <!-- loadConfig -->
        <test-method is-config="true" signature="setup()[pri:0, instance:com.mystore.testcases.AccountCreationPageTest@4b0d79fc]" started-at="2022-08-24T14:21:21 IST" name="setup" finished-at="2022-08-24T14:22:20 IST" duration-ms="58686" status="PASS">
          <reporter-output>
          </reporter-output>
        </test-method> <!-- setup -->
        <test-method signature="createAccountTest()[pri:0, instance:com.mystore.testcases.AccountCreationPageTest@4b0d79fc]" started-at="2022-08-24T14:22:20 IST" name="createAccountTest" finished-at="2022-08-24T14:22:46 IST" duration-ms="25974" status="PASS">
          <reporter-output>
          </reporter-output>
        </test-method> <!-- createAccountTest -->
        <test-method is-config="true" signature="tearDown()[pri:0, instance:com.mystore.testcases.AccountCreationPageTest@4b0d79fc]" started-at="2022-08-24T14:22:46 IST" name="tearDown" finished-at="2022-08-24T14:22:48 IST" duration-ms="2482" status="PASS">
          <reporter-output>
          </reporter-output>
        </test-method> <!-- tearDown -->
      </class> <!-- com.mystore.testcases.AccountCreationPageTest -->
    </test> <!-- Default test -->
  </suite> <!-- Default suite -->
</testng-results>
